2025-05-06 14:18:51,266 - INFO - 日志系统初始化完成
2025-05-06 14:18:51,283 - INFO - 开始初始化视频播放器
2025-05-06 14:18:51,290 - INFO - 开始创建标签页
2025-05-06 14:18:51,293 - INFO - 开始创建视频列表界面
2025-05-06 14:18:51,307 - INFO - 开始更新剧集列表
2025-05-06 14:18:51,307 - INFO - 剧集列表更新完成，显示所有剧集
2025-05-06 14:18:51,307 - INFO - 视频列表界面创建完成
2025-05-06 14:18:51,317 - INFO - 标签页创建完成
2025-05-06 14:18:51,317 - INFO - 开始加载配置文件
2025-05-06 14:18:51,318 - INFO - 配置文件加载成功
2025-05-06 14:18:51,318 - INFO - 开始加载播放历史
2025-05-06 14:18:51,318 - INFO - 播放历史加载完成
2025-05-06 14:18:51,318 - INFO - 视频播放器初始化完成
2025-05-06 14:18:52,329 - INFO - 正在更新: https://www.moduzy5.com/vod/7645/
2025-05-06 14:18:52,873 - INFO - 正在更新: https://www.moduzy5.com/vod/8852/
2025-05-06 14:18:53,074 - INFO - 开始加载配置文件
2025-05-06 14:18:53,075 - INFO - 配置文件加载成功
2025-05-06 14:18:54,474 - INFO - 成功保存播放历史: 仙逆
2025-05-06 14:18:54,474 - INFO - 开始加载播放历史
2025-05-06 14:18:54,475 - INFO - 播放历史加载完成
2025-05-06 14:18:54,475 - INFO - 正在播放: 0, URL: https://play.modujx10.com/20240304/6aJSbktn/index.m3u8
2025-05-06 14:18:54,476 - INFO - 视频播放器初始化完成
2025-05-06 14:18:54,819 - INFO - 隐藏控制栏True
2025-05-06 14:18:55,240 - INFO - 显示控制栏False
2025-05-06 14:18:55,676 - WARNING - 无法获取视频尺寸，使用默认尺寸
2025-05-06 14:18:55,676 - INFO - 视频尺寸: 1280x720
2025-05-06 14:19:00,955 - INFO - 隐藏控制栏True
2025-05-06 14:19:03,241 - INFO - 显示控制栏False
2025-05-06 14:19:09,628 - INFO - 隐藏控制栏True
2025-05-06 14:21:04,003 - INFO - 显示控制栏False
2025-05-06 14:21:09,745 - INFO - 隐藏控制栏True
2025-05-06 14:21:16,353 - INFO - 显示控制栏False
2025-05-06 14:21:20,417 - WARNING - 无法获取视频尺寸，使用默认尺寸
2025-05-06 14:21:20,417 - INFO - 视频尺寸: 1280x720
2025-05-06 14:21:27,765 - INFO - 隐藏控制栏True
2025-05-06 14:21:54,301 - INFO - 显示控制栏False
2025-05-06 14:21:57,782 - INFO - 隐藏控制栏True
2025-05-06 14:21:58,172 - INFO - 显示控制栏False
2025-05-06 14:22:01,189 - INFO - 隐藏控制栏True
